d:\my documents\visual studio 2010\projects\myarray\myarray\debug\testarray.obj
d:\my documents\visual studio 2010\projects\myarray\myarray\debug\myarray.obj
d:\my documents\visual studio 2010\projects\myarray\myarray\debug\vc100.pdb
d:\my documents\visual studio 2010\projects\myarray\debug\myarray.ilk
d:\my documents\visual studio 2010\projects\myarray\debug\myarray.exe
d:\my documents\visual studio 2010\projects\myarray\myarray\debug\myarray.exe.intermediate.manifest
d:\my documents\visual studio 2010\projects\myarray\debug\myarray.pdb
d:\my documents\visual studio 2010\projects\myarray\myarray\debug\myarray.exe.embed.manifest
d:\my documents\visual studio 2010\projects\myarray\myarray\debug\myarray.exe.embed.manifest.res
c:\users\john\desktop\myarray\myarray\debug\vc140.pdb
c:\users\john\desktop\myarray\myarray\debug\vc140.idb
c:\users\john\desktop\myarray\myarray\debug\myarray.obj
c:\users\john\desktop\myarray\myarray\debug\cl.command.1.tlog
c:\users\john\desktop\myarray\myarray\debug\cl.read.1.tlog
c:\users\john\desktop\myarray\myarray\debug\cl.write.1.tlog
c:\users\john\desktop\myarray\myarray\debug\link-cvtres.read.1.tlog
c:\users\john\desktop\myarray\myarray\debug\link-cvtres.write.1.tlog
c:\users\john\desktop\myarray\myarray\debug\link.2436-cvtres.read.1.tlog
c:\users\john\desktop\myarray\myarray\debug\link.2436-cvtres.write.1.tlog
c:\users\john\desktop\myarray\myarray\debug\link.2436.read.1.tlog
c:\users\john\desktop\myarray\myarray\debug\link.2436.write.1.tlog
c:\users\john\desktop\myarray\myarray\debug\link.command.1.tlog
c:\users\john\desktop\myarray\myarray\debug\link.read.1.tlog
c:\users\john\desktop\myarray\myarray\debug\link.write.1.tlog
c:\users\john\desktop\myarray\myarray\debug\mt.command.1.tlog
c:\users\john\desktop\myarray\myarray\debug\mt.read.1.tlog
c:\users\john\desktop\myarray\myarray\debug\mt.write.1.tlog
c:\users\john\desktop\myarray\myarray\debug\rc.command.1.tlog
c:\users\john\desktop\myarray\myarray\debug\rc.read.1.tlog
c:\users\john\desktop\myarray\myarray\debug\rc.write.1.tlog
c:\users\john\desktop\myarray\myarray\debug\myarray.exe.embed.manifest
c:\users\john\desktop\myarray\myarray\debug\myarray.exe.intermediate.manifest
c:\users\john\desktop\myarray\myarray\debug\myarray.exe.embed.manifest.res
c:\users\john\desktop\myarray\myarray\debug\vc100.idb
c:\users\john\desktop\myarray\myarray\debug\vc100.pdb
c:\users\john\desktop\myarray\myarray\debug\myarray_manifest.rc
c:\users\john\desktop\myarray\debug\myarray.pdb
c:\users\john\desktop\myarray\debug\myarray.exe
c:\users\john\desktop\myarray\debug\myarray.ilk
c:\users\john\desktop\myarray\myarray\debug\myarray.tlog\cl.command.1.tlog
c:\users\john\desktop\myarray\myarray\debug\myarray.tlog\cl.read.1.tlog
c:\users\john\desktop\myarray\myarray\debug\myarray.tlog\cl.write.1.tlog
