生成启动时间为 2018-6-11 10:59:28。
     1>项目“d:\My Documents\Visual Studio 2010\Projects\DOSMENU\DOSMENU\DOSMENU.vcxproj”在节点 2 上(build 个目标)。
     1>InitializeBuildStatus:
         正在创建“Debug\DOSMENU.unsuccessfulbuild”，因为已指定“AlwaysCreate”。
       ClCompile:
         c:\Program Files\Microsoft Visual Studio 10.0\VC\bin\CL.exe /c /ZI /nologo /W3 /WX- /Od /Oy- /D WIN32 /D _DEBUG /D _CONSOLE /D _UNICODE /D UNICODE /Gm /EHsc /RTC1 /MDd /GS /fp:precise /Zc:wchar_t /Zc:forScope /Fo"Debug\\" /Fd"Debug\vc100.pdb" /Gd /TP /analyze- /errorReport:prompt TestDos.cpp
         TestDos.cpp
       ManifestResourceCompile:
         所有输出均为最新。
       Link:
         c:\Program Files\Microsoft Visual Studio 10.0\VC\bin\link.exe /ERRORREPORT:PROMPT /OUT:"d:\My Documents\Visual Studio 2010\Projects\DOSMENU\Debug\DOSMENU.exe" /INCREMENTAL /NOLOGO kernel32.lib user32.lib gdi32.lib winspool.lib comdlg32.lib advapi32.lib shell32.lib ole32.lib oleaut32.lib uuid.lib odbc32.lib odbccp32.lib /MANIFEST /ManifestFile:"Debug\DOSMENU.exe.intermediate.manifest" /MANIFESTUAC:"level='asInvoker' uiAccess='false'" /DEBUG /PDB:"d:\My Documents\Visual Studio 2010\Projects\DOSMENU\Debug\DOSMENU.pdb" /SUBSYSTEM:CONSOLE /TLBID:1 /DYNAMICBASE /NXCOMPAT /IMPLIB:"d:\My Documents\Visual Studio 2010\Projects\DOSMENU\Debug\DOSMENU.lib" /MACHINE:X86 Debug\DOSMENU.exe.embed.manifest.res
         Debug\BaseMenu.obj
         Debug\ListMenu.obj
         Debug\TestDos.obj
       Manifest:
         c:\Program Files\Microsoft SDKs\Windows\v7.0A\bin\mt.exe /nologo /verbose /out:"Debug\DOSMENU.exe.embed.manifest" /manifest Debug\DOSMENU.exe.intermediate.manifest
         所有输出均为最新。
       LinkEmbedManifest:
         所有输出均为最新。
         DOSMENU.vcxproj -> d:\My Documents\Visual Studio 2010\Projects\DOSMENU\Debug\DOSMENU.exe
       FinalizeBuildStatus:
         正在删除文件“Debug\DOSMENU.unsuccessfulbuild”。
         正在对“Debug\DOSMENU.lastbuildstate”执行 Touch 任务。
     1>已完成生成项目“d:\My Documents\Visual Studio 2010\Projects\DOSMENU\DOSMENU\DOSMENU.vcxproj”(build 个目标)的操作。

生成成功。

已用时间 00:00:00.48
