d:\my documents\visual studio 2010\projects\smatrix\smatrix\debug\testsmatrix.obj
d:\my documents\visual studio 2010\projects\smatrix\smatrix\debug\vc100.pdb
d:\my documents\visual studio 2010\projects\smatrix\smatrix\debug\smatrix.obj
d:\my documents\visual studio 2010\projects\smatrix\debug\smatrix.ilk
d:\my documents\visual studio 2010\projects\smatrix\debug\smatrix.exe
d:\my documents\visual studio 2010\projects\smatrix\smatrix\debug\smatrix.exe.intermediate.manifest
d:\my documents\visual studio 2010\projects\smatrix\debug\smatrix.pdb
d:\my documents\visual studio 2010\projects\smatrix\smatrix\debug\smatrix.exe.embed.manifest
d:\my documents\visual studio 2010\projects\smatrix\smatrix\debug\smatrix.exe.embed.manifest.res
c:\users\john\desktop\smatrix\smatrix\debug\vc140.pdb
c:\users\john\desktop\smatrix\smatrix\debug\vc140.idb
c:\users\john\desktop\smatrix\smatrix\debug\smatrix.obj
c:\users\john\desktop\smatrix\smatrix\debug\testsmatrix.obj
c:\users\john\desktop\smatrix\smatrix\debug\cl.command.1.tlog
c:\users\john\desktop\smatrix\smatrix\debug\cl.read.1.tlog
c:\users\john\desktop\smatrix\smatrix\debug\cl.write.1.tlog
c:\users\john\desktop\smatrix\smatrix\debug\link-cvtres.read.1.tlog
c:\users\john\desktop\smatrix\smatrix\debug\link-cvtres.write.1.tlog
c:\users\john\desktop\smatrix\smatrix\debug\link.3100-cvtres.read.1.tlog
c:\users\john\desktop\smatrix\smatrix\debug\link.3100-cvtres.write.1.tlog
c:\users\john\desktop\smatrix\smatrix\debug\link.3100.read.1.tlog
c:\users\john\desktop\smatrix\smatrix\debug\link.3100.write.1.tlog
c:\users\john\desktop\smatrix\smatrix\debug\link.command.1.tlog
c:\users\john\desktop\smatrix\smatrix\debug\link.read.1.tlog
c:\users\john\desktop\smatrix\smatrix\debug\link.write.1.tlog
c:\users\john\desktop\smatrix\smatrix\debug\mt.command.1.tlog
c:\users\john\desktop\smatrix\smatrix\debug\mt.read.1.tlog
c:\users\john\desktop\smatrix\smatrix\debug\mt.write.1.tlog
c:\users\john\desktop\smatrix\smatrix\debug\rc.command.1.tlog
c:\users\john\desktop\smatrix\smatrix\debug\rc.read.1.tlog
c:\users\john\desktop\smatrix\smatrix\debug\rc.write.1.tlog
c:\users\john\desktop\smatrix\smatrix\debug\smatrix.exe.embed.manifest
c:\users\john\desktop\smatrix\smatrix\debug\smatrix.exe.intermediate.manifest
c:\users\john\desktop\smatrix\smatrix\debug\smatrix.exe.embed.manifest.res
c:\users\john\desktop\smatrix\smatrix\debug\vc100.idb
c:\users\john\desktop\smatrix\smatrix\debug\vc100.pdb
c:\users\john\desktop\smatrix\smatrix\debug\smatrix_manifest.rc
c:\users\john\desktop\smatrix\debug\smatrix.pdb
c:\users\john\desktop\smatrix\smatrix\debug\smatrix.tlog\cl.command.1.tlog
c:\users\john\desktop\smatrix\smatrix\debug\smatrix.tlog\cl.read.1.tlog
c:\users\john\desktop\smatrix\smatrix\debug\smatrix.tlog\cl.write.1.tlog
c:\users\john\desktop\smatrix\smatrix\debug\smatrix.tlog\link-cvtres.read.1.tlog
c:\users\john\desktop\smatrix\smatrix\debug\smatrix.tlog\link-cvtres.write.1.tlog
c:\users\john\desktop\smatrix\smatrix\debug\smatrix.tlog\link-rc.read.1.tlog
c:\users\john\desktop\smatrix\smatrix\debug\smatrix.tlog\link-rc.write.1.tlog
c:\users\john\desktop\smatrix\smatrix\debug\smatrix.tlog\link.command.1.tlog
c:\users\john\desktop\smatrix\smatrix\debug\smatrix.tlog\link.read.1.tlog
c:\users\john\desktop\smatrix\smatrix\debug\smatrix.tlog\link.write.1.tlog
